START-OF-LOG: 3.0
CALLSIGN: K4GSX
CONTEST: NY-QSO-PARTY
CATEGORY-OPERATOR: SINGLE-OP
CATEGORY-ASSISTED: NON-ASSISTED
CATEGORY-BAND: ALL
CATEGORY-MODE: CW
CATEGORY-POWER: LOW
CATEGORY-STATION: FIXED
CATEGORY-TRANSMITTER: ONE
CLAIMED-SCORE: 
CLUB: 
OPERATORS: K4GSX
NAME: Dale Covington
ADDRESS: 
ADDRESS-CITY: 
ADDRESS-STATE-PROVINCE: GA
ADDRESS-POSTALCODE: 
ADDRESS-COUNTRY: UNITED STATES
EMAIL: dwcov@bellsouth.net
CREATED-BY: K2UA Python NY QSO Party Cabrillo Generator

QSO: 21027 CW 2025-10-18 1451 K4GSX         599 GA     WB2SIH        599 WAR   
QSO: 14040 CW 2025-10-18 1513 K4GSX         599 GA     WA2QAU        599 ORL   
QSO: 14046 CW 2025-10-18 1518 K4GSX         599 GA     WA2CP         599 RIC   
QSO: 14042 CW 2025-10-18 1521 K4GSX         599 GA     NM2A          599 OSW   
QSO: 14036 CW 2025-10-18 1523 K4GSX         599 GA     N2MF          599 ONO   
QSO: 14040 CW 2025-10-18 1531 K4GSX         599 GA     K2SSH         599 MON   
QSO: 14042 CW 2025-10-18 1535 K4GSX         599 GA     WW2Y          599 FRA   
QSO: 14046 CW 2025-10-18 1539 K4GSX         599 GA     N2RC          599 ORA   
QSO: 14038 CW 2025-10-18 1543 K4GSX         599 GA     K2NV          599 ERI   
QSO: 14034 CW 2025-10-18 1548 K4GSX         599 GA     KM2L          599 ERI   
QSO: 14033 CW 2025-10-18 1551 K4GSX         599 GA     AA2ZZW        599 ERI   
QSO: 14030 CW 2025-10-18 1553 K4GSX         599 GA     K2ZR          599 NIA   
QSO: 14046 CW 2025-10-18 1605 K4GSX         599 GA     W2M           599 YAT   
QSO: 14049 CW 2025-10-18 1607 K4GSX         599 GA     WW2P          599 ERI   
QSO: 14054 CW 2025-10-18 1612 K4GSX         599 GA     N2Y           599 ORA   
QSO: 21039 CW 2025-10-18 1750 K4GSX         599 GA     K2ZR          599 NIA   
QSO: 21041 CW 2025-10-18 1752 K4GSX         599 GA     KE2AA         599 RIC   
QSO: 21041 CW 2025-10-18 1753 K4GSX         599 GA     K2A           599 ORA   
QSO: 21042 CW 2025-10-18 1754 K4GSX         599 GA     K2QB          599 NIA   
QSO: 21046 CW 2025-10-18 1758 K4GSX         599 GA     NM2A          599 OSW   
QSO: 21047 CW 2025-10-18 1812 K4GSX         599 GA     N2GA          599 WAR   
QSO: 21047 CW 2025-10-18 1813 K4GSX         599 GA     NQ2W          599 WAR   
QSO: 21052 CW 2025-10-18 1817 K4GSX         599 GA     KE2SD         599 ULS   
QSO: 21044 CW 2025-10-18 1823 K4GSX         599 GA     W2LC          599 ONO   
QSO: 21035 CW 2025-10-18 1825 K4GSX         599 GA     N2MF          599 ONO   
QSO: 21028 CW 2025-10-18 1827 K4GSX         599 GA     K2EAG         599 SCU   
QSO: 21036 CW 2025-10-18 1830 K4GSX         599 GA     W2TZ          599 STE   
QSO: 21044 CW 2025-10-18 1834 K4GSX         599 GA     W2M           599 YAT   
QSO: 21050 CW 2025-10-18 1836 K4GSX         599 GA     K2AL          599 ORA   
QSO: 21043 CW 2025-10-18 1839 K4GSX         599 GA     WW2Y          599 FRA   
QSO: 21033 CW 2025-10-18 1858 K4GSX         599 GA     N2CU/M        599 ALL   
QSO: 21040 CW 2025-10-18 1909 K4GSX         599 GA     N2PP          599 ONO   
QSO: 21032 CW 2025-10-18 1935 K4GSX         599 GA     WW2P          599 ERI   
QSO: 21039 CW 2025-10-18 1939 K4GSX         599 GA     N2T           599 FUL   
QSO: 21043 CW 2025-10-18 1942 K4GSX         599 GA     K4RUM         599 SUF   
QSO: 21038 CW 2025-10-18 1944 K4GSX         599 GA     KX2NY         599 ULS   
QSO: 14036 CW 2025-10-18 1958 K4GSX         599 GA     K2QB          599 NIA   
QSO: 14036 CW 2025-10-18 1959 K4GSX         599 GA     K2SSS         599 MON   
QSO: 14035 CW 2025-10-18 2002 K4GSX         599 GA     KR2AA         599 RIC   
QSO: 14034 CW 2025-10-18 2006 K4GSX         599 GA     K3GHH/2       599 ESS   
QSO: 14039 CW 2025-10-18 2013 K4GSX         599 GA     K2A           599 ALB   
QSO: 14039 CW 2025-10-18 2014 K4GSX         599 GA     N2PP          599 ONO   
QSO: 14041 CW 2025-10-18 2018 K4GSX         599 GA     W2FU          599 MON   
QSO: 14048 CW 2025-10-18 2023 K4GSX         599 GA     W2GR          599 NIA   
QSO: 14028 CW 2025-10-18 2028 K4GSX         599 GA     K2EAG         599 SCU   
QSO: 14028 CW 2025-10-18 2040 K4GSX         599 GA     K2Q/M         599 YAT   
QSO: 14033 CW 2025-10-18 2043 K4GSX         599 GA     N2CU/M        599 ONT   
QSO: 14036 CW 2025-10-18 2045 K4GSX         599 GA     N2PA          599 STE   
QSO: 14041 CW 2025-10-18 2054 K4GSX         599 GA     N2ZX          599 SAR   
QSO: 14047 CW 2025-10-18 2059 K4GSX         599 GA     N2GA          599 SUF   
QSO: 14050 CW 2025-10-18 2104 K4GSX         599 GA     K2AL          599 ORA   
QSO: 14052 CW 2025-10-18 2107 K4GSX         599 GA     KE2SD         599 ULS   
QSO: 14037 CW 2025-10-18 2258 K4GSX         599 GA     K2V           599 LEW   
QSO: 14042 CW 2025-10-18 2318 K4GSX         599 GA     NN2L          599 MON   
QSO: 14042 CW 2025-10-18 2328 K4GSX         599 GA     W2LC          599 ONO   
QSO:  7032 CW 2025-10-18 2336 K4GSX         599 GA     N2PP          599 ONO   
QSO:  7038 CW 2025-10-18 2342 K4GSX         599 GA     W2TZ          599 STE   
QSO:  7039 CW 2025-10-18 2344 K4GSX         599 GA     N2MF          599 ONO   
QSO:  7044 CW 2025-10-18 2348 K4GSX         599 GA     WA2LMC        599 STL   
QSO:  7041 CW 2025-10-18 2356 K4GSX         599 GA     W2M           599 YAT   
QSO:  7038 CW 2025-10-18 2358 K4GSX         599 GA     K2XA          599 ALB   
END-OF-LOG: